# JRE version: Java(TM) SE Runtime Environment (8.0_181-b13) (build 1.8.0_181-b13)
# Java VM: Java HotSpot(TM) 64-Bit Server VM (25.181-b13 mixed mode windows-amd64 compressed oops)
Heap:
 PSYoungGen      total 67072K, used 40252K [0x00000000e0000000, 0x00000000e4b00000, 0x0000000100000000)
  eden space 57344K, 59% used [0x00000000e0000000,0x00000000e21743d8,0x00000000e3800000)
  from space 9728K, 61% used [0x00000000e3800000,0x00000000e3ddacd0,0x00000000e4180000)
  to   space 9728K, 0% used [0x00000000e4180000,0x00000000e4180000,0x00000000e4b00000)
 ParOldGen       total 56320K, used 8884K [0x00000000a0000000, 0x00000000a3700000, 0x00000000e0000000)
  object space 56320K, 15% used [0x00000000a0000000,0x00000000a08ad030,0x00000000a3700000)
 Metaspace       used 28474K, capacity 28926K, committed 29184K, reserved 1075200K
  class space    used 4111K, capacity 4297K, committed 4352K, reserved 1048576K
GC Heap History (10 events):
Event: 2.547 GC heap before
{Heap before GC invocations=4 (full 0):
 PSYoungGen      total 33280K, used 33256K [0x00000000e0000000, 0x00000000e2500000, 0x0000000100000000)
  eden space 28672K, 100% used [0x00000000e0000000,0x00000000e1c00000,0x00000000e1c00000)
  from space 4608K, 99% used [0x00000000e1c00000,0x00000000e207a020,0x00000000e2080000)
  to   space 4608K, 0% used [0x00000000e2080000,0x00000000e2080000,0x00000000e2500000)
 ParOldGen       total 76800K, used 2055K [0x00000000a0000000, 0x00000000a4b00000, 0x00000000e0000000)
  object space 76800K, 2% used [0x00000000a0000000,0x00000000a0201eb0,0x00000000a4b00000)
 Metaspace       used 15270K, capacity 15686K, committed 16000K, reserved 1062912K
  class space    used 2213K, capacity 2361K, committed 2432K, reserved 1048576K
Event: 2.554 GC heap after
Heap after GC invocations=4 (full 0):
 PSYoungGen      total 33280K, used 4600K [0x00000000e0000000, 0x00000000e2500000, 0x0000000100000000)
  eden space 28672K, 0% used [0x00000000e0000000,0x00000000e0000000,0x00000000e1c00000)
  from space 4608K, 99% used [0x00000000e2080000,0x00000000e24fe010,0x00000000e2500000)
  to   space 4608K, 0% used [0x00000000e1c00000,0x00000000e1c00000,0x00000000e2080000)
 ParOldGen       total 76800K, used 5426K [0x00000000a0000000, 0x00000000a4b00000, 0x00000000e0000000)
  object space 76800K, 7% used [0x00000000a0000000,0x00000000a054cb18,0x00000000a4b00000)
 Metaspace       used 15270K, capacity 15686K, committed 16000K, reserved 1062912K
  class space    used 2213K, capacity 2361K, committed 2432K, reserved 1048576K
}
Event: 3.053 GC heap before
{Heap before GC invocations=5 (full 0):
 PSYoungGen      total 33280K, used 33272K [0x00000000e0000000, 0x00000000e2500000, 0x0000000100000000)
  eden space 28672K, 100% used [0x00000000e0000000,0x00000000e1c00000,0x00000000e1c00000)
  from space 4608K, 99% used [0x00000000e2080000,0x00000000e24fe010,0x00000000e2500000)
  to   space 4608K, 0% used [0x00000000e1c00000,0x00000000e1c00000,0x00000000e2080000)
 ParOldGen       total 76800K, used 5426K [0x00000000a0000000, 0x00000000a4b00000, 0x00000000e0000000)
  object space 76800K, 7% used [0x00000000a0000000,0x00000000a054cb18,0x00000000a4b00000)
 Metaspace       used 17989K, capacity 18404K, committed 18688K, reserved 1064960K
  class space    used 2674K, capacity 2814K, committed 2816K, reserved 1048576K
Event: 3.059 GC heap after
Heap after GC invocations=5 (full 0):
 PSYoungGen      total 33280K, used 4600K [0x00000000e0000000, 0x00000000e4b00000, 0x0000000100000000)
  eden space 28672K, 0% used [0x00000000e0000000,0x00000000e0000000,0x00000000e1c00000)
  from space 4608K, 99% used [0x00000000e1c00000,0x00000000e207e040,0x00000000e2080000)
  to   space 9728K, 0% used [0x00000000e4180000,0x00000000e4180000,0x00000000e4b00000)
 ParOldGen       total 76800K, used 8576K [0x00000000a0000000, 0x00000000a4b00000, 0x00000000e0000000)
  object space 76800K, 11% used [0x00000000a0000000,0x00000000a08602b8,0x00000000a4b00000)
 Metaspace       used 17989K, capacity 18404K, committed 18688K, reserved 1064960K
  class space    used 2674K, capacity 2814K, committed 2816K, reserved 1048576K
}
Event: 3.659 GC heap before
{Heap before GC invocations=6 (full 0):
 PSYoungGen      total 33280K, used 25348K [0x00000000e0000000, 0x00000000e4b00000, 0x0000000100000000)
  eden space 28672K, 72% used [0x00000000e0000000,0x00000000e14430a0,0x00000000e1c00000)
  from space 4608K, 99% used [0x00000000e1c00000,0x00000000e207e040,0x00000000e2080000)
  to   space 9728K, 0% used [0x00000000e4180000,0x00000000e4180000,0x00000000e4b00000)
 ParOldGen       total 76800K, used 8576K [0x00000000a0000000, 0x00000000a4b00000, 0x00000000e0000000)
  object space 76800K, 11% used [0x00000000a0000000,0x00000000a08602b8,0x00000000a4b00000)
 Metaspace       used 20755K, capacity 21188K, committed 21296K, reserved 1067008K
  class space    used 2998K, capacity 3155K, committed 3200K, reserved 1048576K
Event: 3.665 GC heap after
Heap after GC invocations=6 (full 0):
 PSYoungGen      total 67072K, used 7688K [0x00000000e0000000, 0x00000000e4b00000, 0x0000000100000000)
  eden space 57344K, 0% used [0x00000000e0000000,0x00000000e0000000,0x00000000e3800000)
  from space 9728K, 79% used [0x00000000e4180000,0x00000000e49021e8,0x00000000e4b00000)
  to   space 9728K, 0% used [0x00000000e3800000,0x00000000e3800000,0x00000000e4180000)
 ParOldGen       total 76800K, used 8584K [0x00000000a0000000, 0x00000000a4b00000, 0x00000000e0000000)
  object space 76800K, 11% used [0x00000000a0000000,0x00000000a08622b8,0x00000000a4b00000)
 Metaspace       used 20755K, capacity 21188K, committed 21296K, reserved 1067008K
  class space    used 2998K, capacity 3155K, committed 3200K, reserved 1048576K
}
Event: 3.666 GC heap before
{Heap before GC invocations=7 (full 1):
 PSYoungGen      total 67072K, used 7688K [0x00000000e0000000, 0x00000000e4b00000, 0x0000000100000000)
  eden space 57344K, 0% used [0x00000000e0000000,0x00000000e0000000,0x00000000e3800000)
  from space 9728K, 79% used [0x00000000e4180000,0x00000000e49021e8,0x00000000e4b00000)
  to   space 9728K, 0% used [0x00000000e3800000,0x00000000e3800000,0x00000000e4180000)
 ParOldGen       total 76800K, used 8584K [0x00000000a0000000, 0x00000000a4b00000, 0x00000000e0000000)
  object space 76800K, 11% used [0x00000000a0000000,0x00000000a08622b8,0x00000000a4b00000)
 Metaspace       used 20755K, capacity 21188K, committed 21296K, reserved 1067008K
  class space    used 2998K, capacity 3155K, committed 3200K, reserved 1048576K
Event: 3.699 GC heap after
Heap after GC invocations=7 (full 1):
 PSYoungGen      total 67072K, used 0K [0x00000000e0000000, 0x00000000e4b00000, 0x0000000100000000)
  eden space 57344K, 0% used [0x00000000e0000000,0x00000000e0000000,0x00000000e3800000)
  from space 9728K, 0% used [0x00000000e4180000,0x00000000e4180000,0x00000000e4b00000)
  to   space 9728K, 0% used [0x00000000e3800000,0x00000000e3800000,0x00000000e4180000)
 ParOldGen       total 56320K, used 8876K [0x00000000a0000000, 0x00000000a3700000, 0x00000000e0000000)
  object space 56320K, 15% used [0x00000000a0000000,0x00000000a08ab030,0x00000000a3700000)
 Metaspace       used 20755K, capacity 21188K, committed 21296K, reserved 1067008K
  class space    used 2998K, capacity 3155K, committed 3200K, reserved 1048576K
}
Event: 4.314 GC heap before
{Heap before GC invocations=8 (full 1):
 PSYoungGen      total 67072K, used 57344K [0x00000000e0000000, 0x00000000e4b00000, 0x0000000100000000)
  eden space 57344K, 100% used [0x00000000e0000000,0x00000000e3800000,0x00000000e3800000)
  from space 9728K, 0% used [0x00000000e4180000,0x00000000e4180000,0x00000000e4b00000)
  to   space 9728K, 0% used [0x00000000e3800000,0x00000000e3800000,0x00000000e4180000)
 ParOldGen       total 56320K, used 8876K [0x00000000a0000000, 0x00000000a3700000, 0x00000000e0000000)
  object space 56320K, 15% used [0x00000000a0000000,0x00000000a08ab030,0x00000000a3700000)
 Metaspace       used 26459K, capacity 26990K, committed 27136K, reserved 1073152K
  class space    used 3779K, capacity 3998K, committed 4096K, reserved 1048576K
Event: 4.320 GC heap after
Heap after GC invocations=8 (full 1):
 PSYoungGen      total 67072K, used 5995K [0x00000000e0000000, 0x00000000e4b00000, 0x0000000100000000)
  eden space 57344K, 0% used [0x00000000e0000000,0x00000000e0000000,0x00000000e3800000)
  from space 9728K, 61% used [0x00000000e3800000,0x00000000e3ddacd0,0x00000000e4180000)
  to   space 9728K, 0% used [0x00000000e4180000,0x00000000e4180000,0x00000000e4b00000)
 ParOldGen       total 56320K, used 8884K [0x00000000a0000000, 0x00000000a3700000, 0x00000000e0000000)
  object space 56320K, 15% used [0x00000000a0000000,0x00000000a08ad030,0x00000000a3700000)
 Metaspace       used 26459K, capacity 26990K, committed 27136K, reserved 1073152K
  class space    used 3779K, capacity 3998K, committed 4096K, reserved 1048576K
}

