# JRE version: Java(TM) SE Runtime Environment (8.0_181-b13) (build 1.8.0_181-b13)
# Java VM: Java HotSpot(TM) 64-Bit Server VM (25.181-b13 mixed mode windows-amd64 compressed oops)
Heap:
 PSYoungGen      total 55296K, used 25922K [0x00000000e0000000, 0x00000000e6700000, 0x0000000100000000)
  eden space 50688K, 42% used [0x00000000e0000000,0x00000000e14d2408,0x00000000e3180000)
  from space 4608K, 99% used [0x00000000e3c80000,0x00000000e40fe688,0x00000000e4100000)
  to   space 11264K, 0% used [0x00000000e3180000,0x00000000e3180000,0x00000000e3c80000)
 ParOldGen       total 61952K, used 12495K [0x00000000a0000000, 0x00000000a3c80000, 0x00000000e0000000)
  object space 61952K, 20% used [0x00000000a0000000,0x00000000a0c33d60,0x00000000a3c80000)
 Metaspace       used 27583K, capacity 28094K, committed 28288K, reserved 1073152K
  class space    used 3960K, capacity 4169K, committed 4224K, reserved 1048576K
GC Heap History (10 events):
Event: 1.173 GC heap before
{Heap before GC invocations=3 (full 0):
 PSYoungGen      total 33280K, used 32907K [0x00000000e0000000, 0x00000000e4100000, 0x0000000100000000)
  eden space 28672K, 100% used [0x00000000e0000000,0x00000000e1c00000,0x00000000e1c00000)
  from space 4608K, 91% used [0x00000000e2080000,0x00000000e24a2ff0,0x00000000e2500000)
  to   space 4608K, 0% used [0x00000000e1c00000,0x00000000e1c00000,0x00000000e2080000)
 ParOldGen       total 76800K, used 16K [0x00000000a0000000, 0x00000000a4b00000, 0x00000000e0000000)
  object space 76800K, 0% used [0x00000000a0000000,0x00000000a0004000,0x00000000a4b00000)
 Metaspace       used 12625K, capacity 13046K, committed 13184K, reserved 1060864K
  class space    used 1770K, capacity 1903K, committed 1920K, reserved 1048576K
Event: 1.178 GC heap after
Heap after GC invocations=3 (full 0):
 PSYoungGen      total 33280K, used 4584K [0x00000000e0000000, 0x00000000e4100000, 0x0000000100000000)
  eden space 28672K, 0% used [0x00000000e0000000,0x00000000e0000000,0x00000000e1c00000)
  from space 4608K, 99% used [0x00000000e1c00000,0x00000000e207a020,0x00000000e2080000)
  to   space 4608K, 0% used [0x00000000e3c80000,0x00000000e3c80000,0x00000000e4100000)
 ParOldGen       total 76800K, used 2058K [0x00000000a0000000, 0x00000000a4b00000, 0x00000000e0000000)
  object space 76800K, 2% used [0x00000000a0000000,0x00000000a0202898,0x00000000a4b00000)
 Metaspace       used 12625K, capacity 13046K, committed 13184K, reserved 1060864K
  class space    used 1770K, capacity 1903K, committed 1920K, reserved 1048576K
}
Event: 1.452 GC heap before
{Heap before GC invocations=4 (full 0):
 PSYoungGen      total 33280K, used 33256K [0x00000000e0000000, 0x00000000e4100000, 0x0000000100000000)
  eden space 28672K, 100% used [0x00000000e0000000,0x00000000e1c00000,0x00000000e1c00000)
  from space 4608K, 99% used [0x00000000e1c00000,0x00000000e207a020,0x00000000e2080000)
  to   space 4608K, 0% used [0x00000000e3c80000,0x00000000e3c80000,0x00000000e4100000)
 ParOldGen       total 76800K, used 2058K [0x00000000a0000000, 0x00000000a4b00000, 0x00000000e0000000)
  object space 76800K, 2% used [0x00000000a0000000,0x00000000a0202898,0x00000000a4b00000)
 Metaspace       used 15261K, capacity 15686K, committed 16000K, reserved 1062912K
  class space    used 2212K, capacity 2361K, committed 2432K, reserved 1048576K
Event: 1.460 GC heap after
Heap after GC invocations=4 (full 0):
 PSYoungGen      total 61952K, used 4592K [0x00000000e0000000, 0x00000000e4100000, 0x0000000100000000)
  eden space 57344K, 0% used [0x00000000e0000000,0x00000000e0000000,0x00000000e3800000)
  from space 4608K, 99% used [0x00000000e3c80000,0x00000000e40fc040,0x00000000e4100000)
  to   space 4608K, 0% used [0x00000000e3800000,0x00000000e3800000,0x00000000e3c80000)
 ParOldGen       total 76800K, used 5510K [0x00000000a0000000, 0x00000000a4b00000, 0x00000000e0000000)
  object space 76800K, 7% used [0x00000000a0000000,0x00000000a0561bb0,0x00000000a4b00000)
 Metaspace       used 15261K, capacity 15686K, committed 16000K, reserved 1062912K
  class space    used 2212K, capacity 2361K, committed 2432K, reserved 1048576K
}
Event: 2.112 GC heap before
{Heap before GC invocations=5 (full 0):
 PSYoungGen      total 61952K, used 54194K [0x00000000e0000000, 0x00000000e4100000, 0x0000000100000000)
  eden space 57344K, 86% used [0x00000000e0000000,0x00000000e3070b00,0x00000000e3800000)
  from space 4608K, 99% used [0x00000000e3c80000,0x00000000e40fc040,0x00000000e4100000)
  to   space 4608K, 0% used [0x00000000e3800000,0x00000000e3800000,0x00000000e3c80000)
 ParOldGen       total 76800K, used 5510K [0x00000000a0000000, 0x00000000a4b00000, 0x00000000e0000000)
  object space 76800K, 7% used [0x00000000a0000000,0x00000000a0561bb0,0x00000000a4b00000)
 Metaspace       used 20748K, capacity 21188K, committed 21296K, reserved 1067008K
  class space    used 2997K, capacity 3155K, committed 3200K, reserved 1048576K
Event: 2.120 GC heap after
Heap after GC invocations=5 (full 0):
 PSYoungGen      total 61952K, used 4600K [0x00000000e0000000, 0x00000000e4100000, 0x0000000100000000)
  eden space 57344K, 0% used [0x00000000e0000000,0x00000000e0000000,0x00000000e3800000)
  from space 4608K, 99% used [0x00000000e3800000,0x00000000e3c7e050,0x00000000e3c80000)
  to   space 4608K, 0% used [0x00000000e3c80000,0x00000000e3c80000,0x00000000e4100000)
 ParOldGen       total 76800K, used 11604K [0x00000000a0000000, 0x00000000a4b00000, 0x00000000e0000000)
  object space 76800K, 15% used [0x00000000a0000000,0x00000000a0b55108,0x00000000a4b00000)
 Metaspace       used 20748K, capacity 21188K, committed 21296K, reserved 1067008K
  class space    used 2997K, capacity 3155K, committed 3200K, reserved 1048576K
}
Event: 2.120 GC heap before
{Heap before GC invocations=6 (full 1):
 PSYoungGen      total 61952K, used 4600K [0x00000000e0000000, 0x00000000e4100000, 0x0000000100000000)
  eden space 57344K, 0% used [0x00000000e0000000,0x00000000e0000000,0x00000000e3800000)
  from space 4608K, 99% used [0x00000000e3800000,0x00000000e3c7e050,0x00000000e3c80000)
  to   space 4608K, 0% used [0x00000000e3c80000,0x00000000e3c80000,0x00000000e4100000)
 ParOldGen       total 76800K, used 11604K [0x00000000a0000000, 0x00000000a4b00000, 0x00000000e0000000)
  object space 76800K, 15% used [0x00000000a0000000,0x00000000a0b55108,0x00000000a4b00000)
 Metaspace       used 20748K, capacity 21188K, committed 21296K, reserved 1067008K
  class space    used 2997K, capacity 3155K, committed 3200K, reserved 1048576K
Event: 2.157 GC heap after
Heap after GC invocations=6 (full 1):
 PSYoungGen      total 61952K, used 0K [0x00000000e0000000, 0x00000000e4100000, 0x0000000100000000)
  eden space 57344K, 0% used [0x00000000e0000000,0x00000000e0000000,0x00000000e3800000)
  from space 4608K, 0% used [0x00000000e3800000,0x00000000e3800000,0x00000000e3c80000)
  to   space 4608K, 0% used [0x00000000e3c80000,0x00000000e3c80000,0x00000000e4100000)
 ParOldGen       total 61952K, used 11136K [0x00000000a0000000, 0x00000000a3c80000, 0x00000000e0000000)
  object space 61952K, 17% used [0x00000000a0000000,0x00000000a0ae02f0,0x00000000a3c80000)
 Metaspace       used 20748K, capacity 21188K, committed 21296K, reserved 1067008K
  class space    used 2997K, capacity 3155K, committed 3200K, reserved 1048576K
}
Event: 2.685 GC heap before
{Heap before GC invocations=7 (full 1):
 PSYoungGen      total 61952K, used 57344K [0x00000000e0000000, 0x00000000e4100000, 0x0000000100000000)
  eden space 57344K, 100% used [0x00000000e0000000,0x00000000e3800000,0x00000000e3800000)
  from space 4608K, 0% used [0x00000000e3800000,0x00000000e3800000,0x00000000e3c80000)
  to   space 4608K, 0% used [0x00000000e3c80000,0x00000000e3c80000,0x00000000e4100000)
 ParOldGen       total 61952K, used 11136K [0x00000000a0000000, 0x00000000a3c80000, 0x00000000e0000000)
  object space 61952K, 17% used [0x00000000a0000000,0x00000000a0ae02f0,0x00000000a3c80000)
 Metaspace       used 26437K, capacity 26958K, committed 27008K, reserved 1073152K
  class space    used 3772K, capacity 3966K, committed 3968K, reserved 1048576K
Event: 2.689 GC heap after
Heap after GC invocations=7 (full 1):
 PSYoungGen      total 55296K, used 4601K [0x00000000e0000000, 0x00000000e6700000, 0x0000000100000000)
  eden space 50688K, 0% used [0x00000000e0000000,0x00000000e0000000,0x00000000e3180000)
  from space 4608K, 99% used [0x00000000e3c80000,0x00000000e40fe688,0x00000000e4100000)
  to   space 11264K, 0% used [0x00000000e3180000,0x00000000e3180000,0x00000000e3c80000)
 ParOldGen       total 61952K, used 12495K [0x00000000a0000000, 0x00000000a3c80000, 0x00000000e0000000)
  object space 61952K, 20% used [0x00000000a0000000,0x00000000a0c33d60,0x00000000a3c80000)
 Metaspace       used 26437K, capacity 26958K, committed 27008K, reserved 1073152K
  class space    used 3772K, capacity 3966K, committed 3968K, reserved 1048576K
}

