# JRE version: Java(TM) SE Runtime Environment (8.0_181-b13) (build 1.8.0_181-b13)
# Java VM: Java HotSpot(TM) 64-Bit Server VM (25.181-b13 mixed mode windows-amd64 compressed oops)
Heap:
 PSYoungGen      total 67072K, used 57744K [0x00000000e0000000, 0x00000000e4c00000, 0x0000000100000000)
  eden space 56832K, 91% used [0x00000000e0000000,0x00000000e32983d0,0x00000000e3780000)
  from space 10240K, 57% used [0x00000000e3780000,0x00000000e3d4bd48,0x00000000e4180000)
  to   space 9728K, 0% used [0x00000000e4180000,0x00000000e4180000,0x00000000e4b00000)
 ParOldGen       total 55296K, used 9150K [0x00000000a0000000, 0x00000000a3600000, 0x00000000e0000000)
  object space 55296K, 16% used [0x00000000a0000000,0x00000000a08efbb0,0x00000000a3600000)
 Metaspace       used 29975K, capacity 30512K, committed 30592K, reserved 1075200K
  class space    used 4273K, capacity 4462K, committed 4480K, reserved 1048576K
GC Heap History (10 events):
Event: 2.462 GC heap before
{Heap before GC invocations=4 (full 0):
 PSYoungGen      total 33280K, used 33256K [0x00000000e0000000, 0x00000000e2500000, 0x0000000100000000)
  eden space 28672K, 100% used [0x00000000e0000000,0x00000000e1c00000,0x00000000e1c00000)
  from space 4608K, 99% used [0x00000000e1c00000,0x00000000e207a020,0x00000000e2080000)
  to   space 4608K, 0% used [0x00000000e2080000,0x00000000e2080000,0x00000000e2500000)
 ParOldGen       total 76800K, used 2120K [0x00000000a0000000, 0x00000000a4b00000, 0x00000000e0000000)
  object space 76800K, 2% used [0x00000000a0000000,0x00000000a0212250,0x00000000a4b00000)
 Metaspace       used 15303K, capacity 15686K, committed 16000K, reserved 1062912K
  class space    used 2218K, capacity 2361K, committed 2432K, reserved 1048576K
Event: 2.470 GC heap after
Heap after GC invocations=4 (full 0):
 PSYoungGen      total 33280K, used 4600K [0x00000000e0000000, 0x00000000e4100000, 0x0000000100000000)
  eden space 28672K, 0% used [0x00000000e0000000,0x00000000e0000000,0x00000000e1c00000)
  from space 4608K, 99% used [0x00000000e2080000,0x00000000e24fe030,0x00000000e2500000)
  to   space 4608K, 0% used [0x00000000e1c00000,0x00000000e1c00000,0x00000000e2080000)
 ParOldGen       total 76800K, used 5482K [0x00000000a0000000, 0x00000000a4b00000, 0x00000000e0000000)
  object space 76800K, 7% used [0x00000000a0000000,0x00000000a055a9e0,0x00000000a4b00000)
 Metaspace       used 15303K, capacity 15686K, committed 16000K, reserved 1062912K
  class space    used 2218K, capacity 2361K, committed 2432K, reserved 1048576K
}
Event: 2.955 GC heap before
{Heap before GC invocations=5 (full 0):
 PSYoungGen      total 33280K, used 33272K [0x00000000e0000000, 0x00000000e4100000, 0x0000000100000000)
  eden space 28672K, 100% used [0x00000000e0000000,0x00000000e1c00000,0x00000000e1c00000)
  from space 4608K, 99% used [0x00000000e2080000,0x00000000e24fe030,0x00000000e2500000)
  to   space 4608K, 0% used [0x00000000e1c00000,0x00000000e1c00000,0x00000000e2080000)
 ParOldGen       total 76800K, used 5482K [0x00000000a0000000, 0x00000000a4b00000, 0x00000000e0000000)
  object space 76800K, 7% used [0x00000000a0000000,0x00000000a055a9e0,0x00000000a4b00000)
 Metaspace       used 18120K, capacity 18532K, committed 18688K, reserved 1064960K
  class space    used 2681K, capacity 2814K, committed 2816K, reserved 1048576K
Event: 2.961 GC heap after
Heap after GC invocations=5 (full 0):
 PSYoungGen      total 33280K, used 4600K [0x00000000e0000000, 0x00000000e4b00000, 0x0000000100000000)
  eden space 28672K, 0% used [0x00000000e0000000,0x00000000e0000000,0x00000000e1c00000)
  from space 4608K, 99% used [0x00000000e1c00000,0x00000000e207e040,0x00000000e2080000)
  to   space 9728K, 0% used [0x00000000e4180000,0x00000000e4180000,0x00000000e4b00000)
 ParOldGen       total 76800K, used 8813K [0x00000000a0000000, 0x00000000a4b00000, 0x00000000e0000000)
  object space 76800K, 11% used [0x00000000a0000000,0x00000000a089b530,0x00000000a4b00000)
 Metaspace       used 18120K, capacity 18532K, committed 18688K, reserved 1064960K
  class space    used 2681K, capacity 2814K, committed 2816K, reserved 1048576K
}
Event: 3.880 GC heap before
{Heap before GC invocations=6 (full 0):
 PSYoungGen      total 33280K, used 25088K [0x00000000e0000000, 0x00000000e4b00000, 0x0000000100000000)
  eden space 28672K, 71% used [0x00000000e0000000,0x00000000e1402240,0x00000000e1c00000)
  from space 4608K, 99% used [0x00000000e1c00000,0x00000000e207e040,0x00000000e2080000)
  to   space 9728K, 0% used [0x00000000e4180000,0x00000000e4180000,0x00000000e4b00000)
 ParOldGen       total 76800K, used 8813K [0x00000000a0000000, 0x00000000a4b00000, 0x00000000e0000000)
  object space 76800K, 11% used [0x00000000a0000000,0x00000000a089b530,0x00000000a4b00000)
 Metaspace       used 20761K, capacity 21188K, committed 21296K, reserved 1067008K
  class space    used 2996K, capacity 3155K, committed 3200K, reserved 1048576K
Event: 3.887 GC heap after
Heap after GC invocations=6 (full 0):
 PSYoungGen      total 66560K, used 7665K [0x00000000e0000000, 0x00000000e4c00000, 0x0000000100000000)
  eden space 56832K, 0% used [0x00000000e0000000,0x00000000e0000000,0x00000000e3780000)
  from space 9728K, 78% used [0x00000000e4180000,0x00000000e48fc600,0x00000000e4b00000)
  to   space 10240K, 0% used [0x00000000e3780000,0x00000000e3780000,0x00000000e4180000)
 ParOldGen       total 76800K, used 8821K [0x00000000a0000000, 0x00000000a4b00000, 0x00000000e0000000)
  object space 76800K, 11% used [0x00000000a0000000,0x00000000a089d530,0x00000000a4b00000)
 Metaspace       used 20761K, capacity 21188K, committed 21296K, reserved 1067008K
  class space    used 2996K, capacity 3155K, committed 3200K, reserved 1048576K
}
Event: 3.887 GC heap before
{Heap before GC invocations=7 (full 1):
 PSYoungGen      total 66560K, used 7665K [0x00000000e0000000, 0x00000000e4c00000, 0x0000000100000000)
  eden space 56832K, 0% used [0x00000000e0000000,0x00000000e0000000,0x00000000e3780000)
  from space 9728K, 78% used [0x00000000e4180000,0x00000000e48fc600,0x00000000e4b00000)
  to   space 10240K, 0% used [0x00000000e3780000,0x00000000e3780000,0x00000000e4180000)
 ParOldGen       total 76800K, used 8821K [0x00000000a0000000, 0x00000000a4b00000, 0x00000000e0000000)
  object space 76800K, 11% used [0x00000000a0000000,0x00000000a089d530,0x00000000a4b00000)
 Metaspace       used 20761K, capacity 21188K, committed 21296K, reserved 1067008K
  class space    used 2996K, capacity 3155K, committed 3200K, reserved 1048576K
Event: 3.919 GC heap after
Heap after GC invocations=7 (full 1):
 PSYoungGen      total 66560K, used 0K [0x00000000e0000000, 0x00000000e4c00000, 0x0000000100000000)
  eden space 56832K, 0% used [0x00000000e0000000,0x00000000e0000000,0x00000000e3780000)
  from space 9728K, 0% used [0x00000000e4180000,0x00000000e4180000,0x00000000e4b00000)
  to   space 10240K, 0% used [0x00000000e3780000,0x00000000e3780000,0x00000000e4180000)
 ParOldGen       total 55296K, used 9142K [0x00000000a0000000, 0x00000000a3600000, 0x00000000e0000000)
  object space 55296K, 16% used [0x00000000a0000000,0x00000000a08edbb0,0x00000000a3600000)
 Metaspace       used 20761K, capacity 21188K, committed 21296K, reserved 1067008K
  class space    used 2996K, capacity 3155K, committed 3200K, reserved 1048576K
}
Event: 4.596 GC heap before
{Heap before GC invocations=8 (full 1):
 PSYoungGen      total 66560K, used 56832K [0x00000000e0000000, 0x00000000e4c00000, 0x0000000100000000)
  eden space 56832K, 100% used [0x00000000e0000000,0x00000000e3780000,0x00000000e3780000)
  from space 9728K, 0% used [0x00000000e4180000,0x00000000e4180000,0x00000000e4b00000)
  to   space 10240K, 0% used [0x00000000e3780000,0x00000000e3780000,0x00000000e4180000)
 ParOldGen       total 55296K, used 9142K [0x00000000a0000000, 0x00000000a3600000, 0x00000000e0000000)
  object space 55296K, 16% used [0x00000000a0000000,0x00000000a08edbb0,0x00000000a3600000)
 Metaspace       used 26442K, capacity 26990K, committed 27136K, reserved 1073152K
  class space    used 3772K, capacity 3998K, committed 4096K, reserved 1048576K
Event: 4.602 GC heap after
Heap after GC invocations=8 (full 1):
 PSYoungGen      total 67072K, used 5935K [0x00000000e0000000, 0x00000000e4c00000, 0x0000000100000000)
  eden space 56832K, 0% used [0x00000000e0000000,0x00000000e0000000,0x00000000e3780000)
  from space 10240K, 57% used [0x00000000e3780000,0x00000000e3d4bd48,0x00000000e4180000)
  to   space 9728K, 0% used [0x00000000e4180000,0x00000000e4180000,0x00000000e4b00000)
 ParOldGen       total 55296K, used 9150K [0x00000000a0000000, 0x00000000a3600000, 0x00000000e0000000)
  object space 55296K, 16% used [0x00000000a0000000,0x00000000a08efbb0,0x00000000a3600000)
 Metaspace       used 26442K, capacity 26990K, committed 27136K, reserved 1073152K
  class space    used 3772K, capacity 3998K, committed 4096K, reserved 1048576K
}

