# JRE version: Java(TM) SE Runtime Environment (8.0_181-b13) (build 1.8.0_181-b13)
# Java VM: Java HotSpot(TM) 64-Bit Server VM (25.181-b13 mixed mode windows-amd64 compressed oops)
Heap:
 PSYoungGen      total 61952K, used 50689K [0x00000000e0000000, 0x00000000e4100000, 0x0000000100000000)
  eden space 57344K, 80% used [0x00000000e0000000,0x00000000e2d029f0,0x00000000e3800000)
  from space 4608K, 99% used [0x00000000e3800000,0x00000000e3c7db40,0x00000000e3c80000)
  to   space 4608K, 0% used [0x00000000e3c80000,0x00000000e3c80000,0x00000000e4100000)
 ParOldGen       total 59904K, used 20801K [0x00000000a0000000, 0x00000000a3a80000, 0x00000000e0000000)
  object space 59904K, 34% used [0x00000000a0000000,0x00000000a1450678,0x00000000a3a80000)
 Metaspace       used 43374K, capacity 44332K, committed 44544K, reserved 1087488K
  class space    used 6044K, capacity 6365K, committed 6400K, reserved 1048576K
GC Heap History (10 events):
Event: 2.989 GC heap before
{Heap before GC invocations=7 (full 1):
 PSYoungGen      total 61952K, used 57344K [0x00000000e0000000, 0x00000000e4100000, 0x0000000100000000)
  eden space 57344K, 100% used [0x00000000e0000000,0x00000000e3800000,0x00000000e3800000)
  from space 4608K, 0% used [0x00000000e3800000,0x00000000e3800000,0x00000000e3c80000)
  to   space 4608K, 0% used [0x00000000e3c80000,0x00000000e3c80000,0x00000000e4100000)
 ParOldGen       total 59904K, used 11123K [0x00000000a0000000, 0x00000000a3a80000, 0x00000000e0000000)
  object space 59904K, 18% used [0x00000000a0000000,0x00000000a0adcfb8,0x00000000a3a80000)
 Metaspace       used 26433K, capacity 26990K, committed 27136K, reserved 1073152K
  class space    used 3776K, capacity 3998K, committed 4096K, reserved 1048576K
Event: 2.995 GC heap after
Heap after GC invocations=7 (full 1):
 PSYoungGen      total 61952K, used 4582K [0x00000000e0000000, 0x00000000e4100000, 0x0000000100000000)
  eden space 57344K, 0% used [0x00000000e0000000,0x00000000e0000000,0x00000000e3800000)
  from space 4608K, 99% used [0x00000000e3c80000,0x00000000e40f9a88,0x00000000e4100000)
  to   space 4608K, 0% used [0x00000000e3800000,0x00000000e3800000,0x00000000e3c80000)
 ParOldGen       total 59904K, used 12559K [0x00000000a0000000, 0x00000000a3a80000, 0x00000000e0000000)
  object space 59904K, 20% used [0x00000000a0000000,0x00000000a0c43df0,0x00000000a3a80000)
 Metaspace       used 26433K, capacity 26990K, committed 27136K, reserved 1073152K
  class space    used 3776K, capacity 3998K, committed 4096K, reserved 1048576K
}
Event: 3.595 GC heap before
{Heap before GC invocations=8 (full 1):
 PSYoungGen      total 61952K, used 61926K [0x00000000e0000000, 0x00000000e4100000, 0x0000000100000000)
  eden space 57344K, 100% used [0x00000000e0000000,0x00000000e3800000,0x00000000e3800000)
  from space 4608K, 99% used [0x00000000e3c80000,0x00000000e40f9a88,0x00000000e4100000)
  to   space 4608K, 0% used [0x00000000e3800000,0x00000000e3800000,0x00000000e3c80000)
 ParOldGen       total 59904K, used 12559K [0x00000000a0000000, 0x00000000a3a80000, 0x00000000e0000000)
  object space 59904K, 20% used [0x00000000a0000000,0x00000000a0c43df0,0x00000000a3a80000)
 Metaspace       used 30043K, capacity 30632K, committed 30976K, reserved 1075200K
  class space    used 4289K, capacity 4502K, committed 4608K, reserved 1048576K
Event: 3.603 GC heap after
Heap after GC invocations=8 (full 1):
 PSYoungGen      total 61952K, used 4592K [0x00000000e0000000, 0x00000000e4100000, 0x0000000100000000)
  eden space 57344K, 0% used [0x00000000e0000000,0x00000000e0000000,0x00000000e3800000)
  from space 4608K, 99% used [0x00000000e3800000,0x00000000e3c7c010,0x00000000e3c80000)
  to   space 4608K, 0% used [0x00000000e3c80000,0x00000000e3c80000,0x00000000e4100000)
 ParOldGen       total 59904K, used 16272K [0x00000000a0000000, 0x00000000a3a80000, 0x00000000e0000000)
  object space 59904K, 27% used [0x00000000a0000000,0x00000000a0fe42e0,0x00000000a3a80000)
 Metaspace       used 30043K, capacity 30632K, committed 30976K, reserved 1075200K
  class space    used 4289K, capacity 4502K, committed 4608K, reserved 1048576K
}
Event: 5.359 GC heap before
{Heap before GC invocations=9 (full 1):
 PSYoungGen      total 61952K, used 53026K [0x00000000e0000000, 0x00000000e4100000, 0x0000000100000000)
  eden space 57344K, 84% used [0x00000000e0000000,0x00000000e2f4c830,0x00000000e3800000)
  from space 4608K, 99% used [0x00000000e3800000,0x00000000e3c7c010,0x00000000e3c80000)
  to   space 4608K, 0% used [0x00000000e3c80000,0x00000000e3c80000,0x00000000e4100000)
 ParOldGen       total 59904K, used 16272K [0x00000000a0000000, 0x00000000a3a80000, 0x00000000e0000000)
  object space 59904K, 27% used [0x00000000a0000000,0x00000000a0fe42e0,0x00000000a3a80000)
 Metaspace       used 34661K, capacity 35344K, committed 35456K, reserved 1079296K
  class space    used 4954K, capacity 5178K, committed 5248K, reserved 1048576K
Event: 5.368 GC heap after
Heap after GC invocations=9 (full 1):
 PSYoungGen      total 61952K, used 4608K [0x00000000e0000000, 0x00000000e4100000, 0x0000000100000000)
  eden space 57344K, 0% used [0x00000000e0000000,0x00000000e0000000,0x00000000e3800000)
  from space 4608K, 100% used [0x00000000e3c80000,0x00000000e4100000,0x00000000e4100000)
  to   space 4608K, 0% used [0x00000000e3800000,0x00000000e3800000,0x00000000e3c80000)
 ParOldGen       total 59904K, used 21303K [0x00000000a0000000, 0x00000000a3a80000, 0x00000000e0000000)
  object space 59904K, 35% used [0x00000000a0000000,0x00000000a14cdfd8,0x00000000a3a80000)
 Metaspace       used 34661K, capacity 35344K, committed 35456K, reserved 1079296K
  class space    used 4954K, capacity 5178K, committed 5248K, reserved 1048576K
}
Event: 5.368 GC heap before
{Heap before GC invocations=10 (full 2):
 PSYoungGen      total 61952K, used 4608K [0x00000000e0000000, 0x00000000e4100000, 0x0000000100000000)
  eden space 57344K, 0% used [0x00000000e0000000,0x00000000e0000000,0x00000000e3800000)
  from space 4608K, 100% used [0x00000000e3c80000,0x00000000e4100000,0x00000000e4100000)
  to   space 4608K, 0% used [0x00000000e3800000,0x00000000e3800000,0x00000000e3c80000)
 ParOldGen       total 59904K, used 21303K [0x00000000a0000000, 0x00000000a3a80000, 0x00000000e0000000)
  object space 59904K, 35% used [0x00000000a0000000,0x00000000a14cdfd8,0x00000000a3a80000)
 Metaspace       used 34661K, capacity 35344K, committed 35456K, reserved 1079296K
  class space    used 4954K, capacity 5178K, committed 5248K, reserved 1048576K
Event: 5.426 GC heap after
Heap after GC invocations=10 (full 2):
 PSYoungGen      total 61952K, used 0K [0x00000000e0000000, 0x00000000e4100000, 0x0000000100000000)
  eden space 57344K, 0% used [0x00000000e0000000,0x00000000e0000000,0x00000000e3800000)
  from space 4608K, 0% used [0x00000000e3c80000,0x00000000e3c80000,0x00000000e4100000)
  to   space 4608K, 0% used [0x00000000e3800000,0x00000000e3800000,0x00000000e3c80000)
 ParOldGen       total 59904K, used 17260K [0x00000000a0000000, 0x00000000a3a80000, 0x00000000e0000000)
  object space 59904K, 28% used [0x00000000a0000000,0x00000000a10db0d0,0x00000000a3a80000)
 Metaspace       used 34661K, capacity 35344K, committed 35456K, reserved 1079296K
  class space    used 4954K, capacity 5178K, committed 5248K, reserved 1048576K
}
Event: 6.207 GC heap before
{Heap before GC invocations=11 (full 2):
 PSYoungGen      total 61952K, used 57344K [0x00000000e0000000, 0x00000000e4100000, 0x0000000100000000)
  eden space 57344K, 100% used [0x00000000e0000000,0x00000000e3800000,0x00000000e3800000)
  from space 4608K, 0% used [0x00000000e3c80000,0x00000000e3c80000,0x00000000e4100000)
  to   space 4608K, 0% used [0x00000000e3800000,0x00000000e3800000,0x00000000e3c80000)
 ParOldGen       total 59904K, used 17260K [0x00000000a0000000, 0x00000000a3a80000, 0x00000000e0000000)
  object space 59904K, 28% used [0x00000000a0000000,0x00000000a10db0d0,0x00000000a3a80000)
 Metaspace       used 40497K, capacity 41208K, committed 41600K, reserved 1085440K
  class space    used 5657K, capacity 5908K, committed 6016K, reserved 1048576K
Event: 6.214 GC heap after
Heap after GC invocations=11 (full 2):
 PSYoungGen      total 61952K, used 4598K [0x00000000e0000000, 0x00000000e4100000, 0x0000000100000000)
  eden space 57344K, 0% used [0x00000000e0000000,0x00000000e0000000,0x00000000e3800000)
  from space 4608K, 99% used [0x00000000e3800000,0x00000000e3c7db40,0x00000000e3c80000)
  to   space 4608K, 0% used [0x00000000e3c80000,0x00000000e3c80000,0x00000000e4100000)
 ParOldGen       total 59904K, used 20801K [0x00000000a0000000, 0x00000000a3a80000, 0x00000000e0000000)
  object space 59904K, 34% used [0x00000000a0000000,0x00000000a1450678,0x00000000a3a80000)
 Metaspace       used 40497K, capacity 41208K, committed 41600K, reserved 1085440K
  class space    used 5657K, capacity 5908K, committed 6016K, reserved 1048576K
}

